2020-03-16 22:43:51::dirlist::main::INFO::####################STARTING####################
2020-03-16 22:43:51::dirlist::show_sections::INFO::

[global]
path		=	/projects/dirlist/
[dirlist]
log		=	/projects/dirlist/logs/dirlist.log
level		=	DEBUG

[2020-03-17 00:52:47.259] INFO [140190731138880] - ****************** Starting Server *****************
[2020-03-17 00:53:25.530] INFO [140007826196288] - ****************** Starting Server *****************
[2020-03-17 00:53:27.738] INFO [140248768649024] - ****************** Starting Server *****************
[2020-03-17 00:53:53.739] INFO [139846002091840] - ****************** Starting Server *****************
[2020-03-17 00:54:13.877] INFO [140229085476672] - ****************** Starting Server *****************
[2020-03-17 00:54:38.075] INFO [140715165730624] - ****************** Starting Server *****************
[2020-03-17 00:57:00.104] INFO [140366528476992] - ****************** Starting Server *****************
[2020-03-17 00:57:08.731] INFO [140366387963648] - /shows/downloads/[HorribleSubs] Haikyuu!! S4 - 10 [720p]/
[2020-03-17 00:57:47.581] INFO [140702056912704] - ****************** Starting Server *****************
[2020-03-17 00:59:47.535] INFO [140701916399360] - /shows/downloads/[HorribleSubs] Haikyuu!! S4 - 10 [720p]/
[2020-03-17 00:59:53.379] INFO [140701916399360] - /shows/downloads/[HorribleSubs] Haikyuu!! S4 - 10 [720p]/
[2020-03-17 01:00:00.184] INFO [140227629766464] - ****************** Starting Server *****************
[2020-03-17 01:01:11.423] INFO [140148700923712] - ****************** Starting Server *****************
[2020-03-17 01:03:38.264] INFO [139869908457280] - ****************** Starting Server *****************
[2020-03-17 01:05:04.334] INFO [140319166699328] - ****************** Starting Server *****************
[2020-03-17 01:11:22.837] INFO [139926780651328] - ****************** Starting Server *****************
[2020-03-17 01:11:24.289] INFO [139719889815360] - ****************** Starting Server *****************
[2020-03-17 01:11:26.945] INFO [140361197090624] - ****************** Starting Server *****************
[2020-03-17 01:11:31.104] INFO [140022401902400] - ****************** Starting Server *****************
[2020-03-17 01:11:37.719] INFO [140423472740160] - ****************** Starting Server *****************
[2020-03-17 01:19:59.000] INFO [140476044257088] - ****************** Starting Server *****************
[2020-03-17 01:37:54.209] INFO [139730867808064] - ****************** Starting Server *****************
[2020-03-17 01:38:53.656] INFO [140319122618176] - ****************** Starting Server *****************
[2020-03-17 01:39:35.634] INFO [140163448465216] - ****************** Starting Server *****************
[2020-03-17 01:42:22.228] INFO [140018420856640] - ****************** Starting Server *****************
[2020-03-17 01:42:22.325] INFO [139692567885632] - ****************** Starting Server *****************
[2020-03-17 01:42:22.338] INFO [139692567885632] - ****************** Starting Server *****************
[2020-03-17 01:42:22.338] INFO [139692567885632] - ****************** Starting Server *****************
[2020-03-17 01:42:41.997] INFO [140452017293120] - ****************** Starting Server *****************
[2020-03-17 01:42:42.010] INFO [140452017293120] - ****************** Starting Server *****************
[2020-03-17 01:42:42.010] INFO [140452017293120] - ****************** Starting Server *****************
[2020-03-17 01:42:49.935] INFO [140702356555584] - ****************** Starting Server *****************
[2020-03-17 01:42:49.947] INFO [140702356555584] - ****************** Starting Server *****************
[2020-03-17 01:42:49.947] INFO [140702356555584] - ****************** Starting Server *****************
[2020-03-17 01:42:58.374] INFO [140236092835648] - ****************** Starting Server *****************
[2020-03-17 01:42:58.387] INFO [140236092835648] - ****************** Starting Server *****************
[2020-03-17 01:42:58.387] INFO [140236092835648] - ****************** Starting Server *****************





[2020-03-17 01:43:06.312] INFO [140445416896320] - ****************** Starting Server *****************
[2020-03-17 01:43:06.326] INFO [140445416896320] - ****************** Starting Server *****************
[2020-03-17 01:43:06.326] INFO [140445416896320] - ****************** Starting Server *****************
[2020-03-17 01:43:39.517] INFO [140493042202432] - ****************** Starting Server *****************
[2020-03-17 01:43:39.530] INFO [140493042202432] - ****************** Starting Server *****************
[2020-03-17 01:43:39.530] INFO [140493042202432] - ****************** Starting Server *****************
[2020-03-17 01:43:43.951] INFO [140563865356096] - ****************** Starting Server *****************
[2020-03-17 01:43:43.963] INFO [140563865356096] - ****************** Starting Server *****************
[2020-03-17 01:43:43.963] INFO [140563865356096] - ****************** Starting Server *****************
[2020-03-17 01:43:48.960] INFO [140563725715200] - /shows/downloads/[HorribleSubs] Haikyuu!! S4 - 10 [720p]/
[2020-03-17 01:43:48.960] INFO [140563725715200] - /shows/downloads/[HorribleSubs] Haikyuu!! S4 - 10 [720p]/
[2020-03-17 01:44:18.157] INFO [140684300764992] - ****************** Starting Server *****************
[2020-03-17 01:44:18.170] INFO [140684300764992] - ****************** Starting Server *****************
[2020-03-17 01:44:18.170] INFO [140684300764992] - ****************** Starting Server *****************
